This is pdfTeX, Version 3.14159265-2.6-1.40.15 (TeX Live 2014) (preloaded format=commonPreamble 2014.9.17)  29 SEP 2014 15:02
entering extended mode
 restricted \write18 enabled.
 %&-line parsing enabled.
**\newcommand{\modPrefix}{/home/daniel/test/modTestInstall/bin/..}\newcommand{\
modFigureInput}{out/013_dg_0_1110.tex}\input{\modPrefix/share/mod/figureTemplat
e.tex}
(/home/daniel/test/modTestInstall/bin/../share/mod/figureTemplate.tex
(/usr/local/texlive/2014/texmf-dist/tex/latex/preview/preview.sty
Package: preview 2010/02/14 11.86 (AUCTeX/preview-latex)

(/usr/local/texlive/2014/texmf-dist/tex/latex/preview/prtightpage.def
\PreviewBorder=\dimen285
)
\pr@snippet=\count182
\pr@box=\box82
\pr@output=\toks37
)
No file out/013_dg_0_1110.aux.
\openout1 = `out/013_dg_0_1110.aux'.

LaTeX Font Info:    Checking defaults for OML/cmm/m/it on input line 5.
LaTeX Font Info:    ... okay on input line 5.
LaTeX Font Info:    Checking defaults for T1/cmr/m/n on input line 5.
LaTeX Font Info:    ... okay on input line 5.
LaTeX Font Info:    Checking defaults for OT1/cmr/m/n on input line 5.
LaTeX Font Info:    ... okay on input line 5.
LaTeX Font Info:    Checking defaults for OMS/cmsy/m/n on input line 5.
LaTeX Font Info:    ... okay on input line 5.
LaTeX Font Info:    Checking defaults for OMX/cmex/m/n on input line 5.
LaTeX Font Info:    ... okay on input line 5.
LaTeX Font Info:    Checking defaults for U/cmr/m/n on input line 5.
LaTeX Font Info:    ... okay on input line 5.
LaTeX Font Info:    Checking defaults for PD1/pdf/m/n on input line 5.
LaTeX Font Info:    ... okay on input line 5.
(/usr/local/texlive/2014/texmf-dist/tex/context/base/supp-pdf.mkii
[Loading MPS to PDF converter (version 2006.09.02).]
\scratchcounter=\count183
\scratchdimen=\dimen286
\scratchbox=\box83
\nofMPsegments=\count184
\nofMParguments=\count185
\everyMPshowfont=\toks38
\MPscratchCnt=\count186
\MPscratchDim=\dimen287
\MPnumerator=\count187
\makeMPintoPDFobject=\count188
\everyMPtoPDFconversion=\toks39
) (/usr/local/texlive/2014/texmf-dist/tex/latex/oberdiek/epstopdf-base.sty
Package: epstopdf-base 2010/02/09 v2.5 Base part for package epstopdf

(/usr/local/texlive/2014/texmf-dist/tex/latex/oberdiek/grfext.sty
Package: grfext 2010/08/19 v1.1 Manage graphics extensions (HO)
)
Package grfext Info: Graphics extension search list:
(grfext)             [.png,.pdf,.jpg,.mps,.jpeg,.jbig2,.jb2,.PNG,.PDF,.JPG,.JPE
G,.JBIG2,.JB2,.eps]
(grfext)             \AppendGraphicsExtensions on input line 452.

(/usr/local/texlive/2014/texmf-dist/tex/latex/latexconfig/epstopdf-sys.cfg
File: epstopdf-sys.cfg 2010/07/13 v1.3 Configuration of (r)epstopdf for TeX Liv
e
))
\AtBeginShipoutBox=\box84
Package hyperref Info: Link coloring OFF on input line 5.

(/usr/local/texlive/2014/texmf-dist/tex/latex/hyperref/nameref.sty
Package: nameref 2012/10/27 v2.43 Cross-referencing by name of section

(/usr/local/texlive/2014/texmf-dist/tex/generic/oberdiek/gettitlestring.sty
Package: gettitlestring 2010/12/03 v1.4 Cleanup title references (HO)
)
\c@section@level=\count189
)
LaTeX Info: Redefining \ref on input line 5.
LaTeX Info: Redefining \pageref on input line 5.
LaTeX Info: Redefining \nameref on input line 5.
\@outlinefile=\write4
\openout4 = `out/013_dg_0_1110.out'.

Now handling font encoding TS1 ...
... processing UTF-8 mapping file for font encoding TS1

(/usr/local/texlive/2014/texmf-dist/tex/latex/base/ts1enc.dfu
File: ts1enc.dfu 2008/04/05 v1.1m UTF-8 support for inputenc
   defining Unicode char U+00A2 (decimal 162)
   defining Unicode char U+00A3 (decimal 163)
   defining Unicode char U+00A4 (decimal 164)
   defining Unicode char U+00A5 (decimal 165)
   defining Unicode char U+00A6 (decimal 166)
   defining Unicode char U+00A7 (decimal 167)
   defining Unicode char U+00A8 (decimal 168)
   defining Unicode char U+00A9 (decimal 169)
   defining Unicode char U+00AA (decimal 170)
   defining Unicode char U+00AC (decimal 172)
   defining Unicode char U+00AE (decimal 174)
   defining Unicode char U+00AF (decimal 175)
   defining Unicode char U+00B0 (decimal 176)
   defining Unicode char U+00B1 (decimal 177)
   defining Unicode char U+00B2 (decimal 178)
   defining Unicode char U+00B3 (decimal 179)
   defining Unicode char U+00B4 (decimal 180)
   defining Unicode char U+00B5 (decimal 181)
   defining Unicode char U+00B6 (decimal 182)
   defining Unicode char U+00B7 (decimal 183)
   defining Unicode char U+00B9 (decimal 185)
   defining Unicode char U+00BA (decimal 186)
   defining Unicode char U+00BC (decimal 188)
   defining Unicode char U+00BD (decimal 189)
   defining Unicode char U+00BE (decimal 190)
   defining Unicode char U+00D7 (decimal 215)
   defining Unicode char U+00F7 (decimal 247)
   defining Unicode char U+0192 (decimal 402)
   defining Unicode char U+02C7 (decimal 711)
   defining Unicode char U+02D8 (decimal 728)
   defining Unicode char U+02DD (decimal 733)
   defining Unicode char U+0E3F (decimal 3647)
   defining Unicode char U+2016 (decimal 8214)
   defining Unicode char U+2020 (decimal 8224)
   defining Unicode char U+2021 (decimal 8225)
   defining Unicode char U+2022 (decimal 8226)
   defining Unicode char U+2030 (decimal 8240)
   defining Unicode char U+2031 (decimal 8241)
   defining Unicode char U+203B (decimal 8251)
   defining Unicode char U+203D (decimal 8253)
   defining Unicode char U+2044 (decimal 8260)
   defining Unicode char U+204E (decimal 8270)
   defining Unicode char U+2052 (decimal 8274)
   defining Unicode char U+20A1 (decimal 8353)
   defining Unicode char U+20A4 (decimal 8356)
   defining Unicode char U+20A6 (decimal 8358)
   defining Unicode char U+20A9 (decimal 8361)
   defining Unicode char U+20AB (decimal 8363)
   defining Unicode char U+20AC (decimal 8364)
   defining Unicode char U+20B1 (decimal 8369)
   defining Unicode char U+2103 (decimal 8451)
   defining Unicode char U+2116 (decimal 8470)
   defining Unicode char U+2117 (decimal 8471)
   defining Unicode char U+211E (decimal 8478)
   defining Unicode char U+2120 (decimal 8480)
   defining Unicode char U+2122 (decimal 8482)
   defining Unicode char U+2126 (decimal 8486)
   defining Unicode char U+2127 (decimal 8487)
   defining Unicode char U+212E (decimal 8494)
   defining Unicode char U+2190 (decimal 8592)
   defining Unicode char U+2191 (decimal 8593)
   defining Unicode char U+2192 (decimal 8594)
   defining Unicode char U+2193 (decimal 8595)
   defining Unicode char U+2329 (decimal 9001)
   defining Unicode char U+232A (decimal 9002)
   defining Unicode char U+2422 (decimal 9250)
   defining Unicode char U+25E6 (decimal 9702)
   defining Unicode char U+25EF (decimal 9711)
   defining Unicode char U+266A (decimal 9834)
)
(/usr/local/texlive/2014/texmf-dist/tex/latex/beamer/translator/dicts/translato
r-basic-dictionary/translator-basic-dictionary-English.dict
Dictionary: translator-basic-dictionary, Language: English 
)
(/usr/local/texlive/2014/texmf-dist/tex/latex/siunitx/config/siunitx-abbreviati
ons.cfg
File: siunitx-abbreviations.cfg 2013/07/31 v2.5s siunitx: Abbreviated units
) ABD: EveryShipout initializing macros
Preview: Fontsize 12pt
Preview: PDFoutput 1
\c__siunitx_mathsf_int=\count190
LaTeX Font Info:    Try loading font information for U+msa on input line 5.
(/usr/local/texlive/2014/texmf-dist/tex/latex/amsfonts/umsa.fd
File: umsa.fd 2013/01/14 v3.01 AMS symbols A
)
LaTeX Font Info:    Try loading font information for U+msb on input line 5.

(/usr/local/texlive/2014/texmf-dist/tex/latex/amsfonts/umsb.fd
File: umsb.fd 2013/01/14 v3.01 AMS symbols B
)
\c__siunitx_mathtt_int=\count191

(./out/013_dg_0_1110.tex (./out/003_dg_0_1110.coord.tex)
<out/000_g_0.1111110.pdf, id=32, 45.0212pt x 15.4166pt>
File: out/000_g_0.1111110.pdf Graphic file (type pdf)

<use out/000_g_0.1111110.pdf>
Package pdftex.def Info: out/000_g_0.1111110.pdf used on input line 4.
(pdftex.def)             Requested size: 33.7658pt x 11.5624pt.

<out/001_g_1.1111110.pdf, id=33, 70.29161pt x 26.6034pt>
File: out/001_g_1.1111110.pdf Graphic file (type pdf)

<use out/001_g_1.1111110.pdf>
Package pdftex.def Info: out/001_g_1.1111110.pdf used on input line 6.
(pdftex.def)             Requested size: 52.71857pt x 19.95248pt.

<out/002_g_2.1111110.pdf, id=34, 70.29161pt x 60.75298pt>
File: out/002_g_2.1111110.pdf Graphic file (type pdf)

<use out/002_g_2.1111110.pdf>
Package pdftex.def Info: out/002_g_2.1111110.pdf used on input line 8.
(pdftex.def)             Requested size: 52.71857pt x 45.5646pt.

<out/004_g_3.1111110.pdf, id=35, 44.98708pt x 15.4166pt>
File: out/004_g_3.1111110.pdf Graphic file (type pdf)

<use out/004_g_3.1111110.pdf>
Package pdftex.def Info: out/004_g_3.1111110.pdf used on input line 10.
(pdftex.def)             Requested size: 33.7402pt x 11.5624pt.

<out/005_g_4.1111110.pdf, id=36, 70.25748pt x 26.6034pt>
File: out/005_g_4.1111110.pdf Graphic file (type pdf)

<use out/005_g_4.1111110.pdf>
Package pdftex.def Info: out/005_g_4.1111110.pdf used on input line 12.
(pdftex.def)             Requested size: 52.69295pt x 19.95248pt.

<out/006_g_6.1111110.pdf, id=37, 70.25748pt x 60.75298pt>
File: out/006_g_6.1111110.pdf Graphic file (type pdf)

<use out/006_g_6.1111110.pdf>
Package pdftex.def Info: out/006_g_6.1111110.pdf used on input line 14.
(pdftex.def)             Requested size: 52.69295pt x 45.5646pt.

<out/007_g_9.1111110.pdf, id=38, 70.22235pt x 26.6034pt>
File: out/007_g_9.1111110.pdf Graphic file (type pdf)

<use out/007_g_9.1111110.pdf>
Package pdftex.def Info: out/007_g_9.1111110.pdf used on input line 16.
(pdftex.def)             Requested size: 52.66663pt x 19.95248pt.

<out/008_g_10.1111110.pdf, id=39, 70.22235pt x 60.75298pt>
File: out/008_g_10.1111110.pdf Graphic file (type pdf)

<use out/008_g_10.1111110.pdf>
Package pdftex.def Info: out/008_g_10.1111110.pdf used on input line 18.
(pdftex.def)             Requested size: 52.66663pt x 45.5646pt.

<out/009_g_12.1111110.pdf, id=40, 70.22235pt x 60.75298pt>
File: out/009_g_12.1111110.pdf Graphic file (type pdf)

<use out/009_g_12.1111110.pdf>
Package pdftex.def Info: out/009_g_12.1111110.pdf used on input line 20.
(pdftex.def)             Requested size: 52.66663pt x 45.5646pt.

<out/010_g_13.1111110.pdf, id=41, 70.22235pt x 60.75298pt>
File: out/010_g_13.1111110.pdf Graphic file (type pdf)

<use out/010_g_13.1111110.pdf>
Package pdftex.def Info: out/010_g_13.1111110.pdf used on input line 22.
(pdftex.def)             Requested size: 52.66663pt x 45.5646pt.

<out/011_g_14.1111110.pdf, id=42, 70.22235pt x 26.6034pt>
File: out/011_g_14.1111110.pdf Graphic file (type pdf)

<use out/011_g_14.1111110.pdf>
Package pdftex.def Info: out/011_g_14.1111110.pdf used on input line 24.
(pdftex.def)             Requested size: 52.66663pt x 19.95248pt.

<out/012_g_15.1111110.pdf, id=43, 45.45381pt x 15.4166pt>
File: out/012_g_15.1111110.pdf Graphic file (type pdf)

<use out/012_g_15.1111110.pdf>
Package pdftex.def Info: out/012_g_15.1111110.pdf used on input line 26.
(pdftex.def)             Requested size: 34.09026pt x 11.5624pt.
)
Preview: Tightpage -32891 -32891 32891 32891
[1{/usr/local/texlive/2014/texmf-var/fonts/map/pdftex/updmap/pdftex.map} <./out
/000_g_0.1111110.pdf> <./out/001_g_1.1111110.pdf> <./out/002_g_2.1111110.pdf> <
./out/004_g_3.1111110.pdf> <./out/005_g_4.1111110.pdf> <./out/006_g_6.1111110.p
df> <./out/007_g_9.1111110.pdf> <./out/008_g_10.1111110.pdf> <./out/009_g_12.11
11110.pdf> <./out/010_g_13.1111110.pdf> <./out/011_g_14.1111110.pdf> <./out/012
_g_15.1111110.pdf>]
Package atveryend Info: Empty hook `BeforeClearDocument' on input line 9.
Package atveryend Info: Empty hook `AfterLastShipout' on input line 9.
 (./out/013_dg_0_1110.aux)
Package atveryend Info: Executing hook `AtVeryEndDocument' on input line 9.
Package atveryend Info: Executing hook `AtEndAfterFileList' on input line 9.


Package rerunfilecheck Warning: File `out/013_dg_0_1110.out' has changed.
(rerunfilecheck)                Rerun to get outlines right
(rerunfilecheck)                or use package `bookmark'.

Package rerunfilecheck Info: Checksums for `out/013_dg_0_1110.out':
(rerunfilecheck)             Before: <no file>
(rerunfilecheck)             After:  D41D8CD98F00B204E9800998ECF8427E;0.
Package atveryend Info: Empty hook `AtVeryVeryEnd' on input line 9.
 ) 
Here is how much of TeX's memory you used:
 1486 strings out of 466299
 25592 string characters out of 5558258
 635272 words of memory out of 5000000
 31291 multiletter control sequences out of 15000+600000
 9697 words of font info for 38 fonts, out of 8000000 for 9000
 1141 hyphenation exceptions out of 8191
 37i,9n,60p,386b,732s stack positions out of 5000i,500n,10000p,200000b,80000s
</usr/local/texlive/2014/texmf-dist/fonts/type1/public/amsfonts/cm/cmbx12.pfb
></usr/local/texlive/2014/texmf-dist/fonts/type1/public/amsfonts/cm/cmmi8.pfb><
/usr/local/texlive/2014/texmf-dist/fonts/type1/public/amsfonts/cm/cmr12.pfb></u
sr/local/texlive/2014/texmf-dist/fonts/type1/public/amsfonts/cm/cmr8.pfb>
Output written on out/013_dg_0_1110.pdf (1 page, 44801 bytes).
PDF statistics:
 112 PDF objects out of 1000 (max. 8388607)
 67 compressed objects within 1 object stream
 0 named destinations out of 1000 (max. 500000)
 169 words of extra memory for PDF output out of 10000 (max. 10000000)

